This file contains any messages produced by compilers while
running configure, to aid debugging if configure makes a mistake.

It was created by RtMidi configure 5.0.0, which was
generated by GNU Autoconf 2.71.  Invocation command line was

  $ ./configure

## --------- ##
## Platform. ##
## --------- ##

hostname = arch-desktop
uname -m = x86_64
uname -r = 5.15.10-arch1-1
uname -s = Linux
uname -v = #1 SMP PREEMPT Fri, 17 Dec 2021 11:17:37 +0000

/usr/bin/uname -p = unknown
/bin/uname -X     = unknown

/bin/arch              = unknown
/usr/bin/arch -k       = unknown
/usr/convex/getsysinfo = unknown
/usr/bin/hostinfo      = unknown
/bin/machine           = unknown
/usr/bin/oslevel       = unknown
/bin/universe          = unknown

PATH: /usr/local/bin/
PATH: /usr/bin/
PATH: /bin/
PATH: /usr/local/sbin/
PATH: /home/kumi/.dotnet/tools/
PATH: /opt/flutter/bin/
PATH: /usr/lib/jvm/default/bin/
PATH: /usr/bin/site_perl/
PATH: /usr/bin/vendor_perl/
PATH: /usr/bin/core_perl/


## ----------- ##
## Core tests. ##
## ----------- ##

configure:2740: looking for aux files: config.guess config.sub ltmain.sh compile ar-lib missing install-sh
configure:2753:  trying ./config/
configure:2782:   ./config/config.guess found
configure:2782:   ./config/config.sub found
configure:2782:   ./config/ltmain.sh found
configure:2782:   ./config/compile found
configure:2782:   ./config/ar-lib found
configure:2782:   ./config/missing found
configure:2764:   ./config/install-sh found
configure:2915: checking for a BSD-compatible install
configure:2988: result: /usr/bin/install -c
configure:2999: checking whether build environment is sane
configure:3054: result: yes
configure:3213: checking for a race-free mkdir -p
configure:3257: result: /usr/bin/mkdir -p
configure:3264: checking for gawk
configure:3285: found /usr/bin/gawk
configure:3296: result: gawk
configure:3307: checking whether make sets $(MAKE)
configure:3330: result: yes
configure:3360: checking whether make supports nested variables
configure:3378: result: yes
configure:3564: checking that version numbers are coherent
configure:3577: checking whether to enable maintainer-specific portions of Makefiles
configure:3587: result: no
configure:3612: checking whether make supports nested variables
configure:3630: result: yes
configure:3722: checking whether make supports the include directive
configure:3737: make -f confmf.GNU && cat confinc.out
this is the am__doit target
configure:3740: $? = 0
configure:3759: result: yes (GNU style)
configure:3845: checking for g++
configure:3866: found /usr/bin/g++
configure:3877: result: g++
configure:3904: checking for C++ compiler version
configure:3913: g++ --version >&5
g++ (GCC) 11.1.0
Copyright (C) 2021 Free Software Foundation, Inc.
This is free software; see the source for copying conditions.  There is NO
warranty; not even for MERCHANTABILITY or FITNESS FOR A PARTICULAR PURPOSE.

configure:3924: $? = 0
configure:3913: g++ -v >&5
Using built-in specs.
COLLECT_GCC=g++
COLLECT_LTO_WRAPPER=/usr/lib/gcc/x86_64-pc-linux-gnu/11.1.0/lto-wrapper
Target: x86_64-pc-linux-gnu
Configured with: /build/gcc/src/gcc/configure --prefix=/usr --libdir=/usr/lib --libexecdir=/usr/lib --mandir=/usr/share/man --infodir=/usr/share/info --with-bugurl=https://bugs.archlinux.org/ --enable-languages=c,c++,ada,fortran,go,lto,objc,obj-c++,d --with-isl --with-linker-hash-style=gnu --with-system-zlib --enable-__cxa_atexit --enable-cet=auto --enable-checking=release --enable-clocale=gnu --enable-default-pie --enable-default-ssp --enable-gnu-indirect-function --enable-gnu-unique-object --enable-install-libiberty --enable-linker-build-id --enable-lto --enable-multilib --enable-plugin --enable-shared --enable-threads=posix --disable-libssp --disable-libstdcxx-pch --disable-libunwind-exceptions --disable-werror gdc_include_dir=/usr/include/dlang/gdc
Thread model: posix
Supported LTO compression algorithms: zlib zstd
gcc version 11.1.0 (GCC) 
configure:3924: $? = 0
configure:3913: g++ -V >&5
g++: error: unrecognized command-line option '-V'
g++: fatal error: no input files
compilation terminated.
configure:3924: $? = 1
configure:3913: g++ -qversion >&5
g++: error: unrecognized command-line option '-qversion'; did you mean '--version'?
g++: fatal error: no input files
compilation terminated.
configure:3924: $? = 1
configure:3944: checking whether the C++ compiler works
configure:3966: g++    conftest.cpp  >&5
configure:3970: $? = 0
configure:4020: result: yes
configure:4023: checking for C++ compiler default output file name
configure:4025: result: a.out
configure:4031: checking for suffix of executables
configure:4038: g++ -o conftest    conftest.cpp  >&5
configure:4042: $? = 0
configure:4065: result: 
configure:4087: checking whether we are cross compiling
configure:4095: g++ -o conftest    conftest.cpp  >&5
configure:4099: $? = 0
configure:4106: ./conftest
configure:4110: $? = 0
configure:4125: result: no
configure:4130: checking for suffix of object files
configure:4153: g++ -c   conftest.cpp >&5
configure:4157: $? = 0
configure:4179: result: o
configure:4183: checking whether the compiler supports GNU C++
configure:4203: g++ -c   conftest.cpp >&5
configure:4203: $? = 0
configure:4213: result: yes
configure:4224: checking whether g++ accepts -g
configure:4245: g++ -c -g  conftest.cpp >&5
configure:4245: $? = 0
configure:4289: result: yes
configure:4309: checking for g++ option to enable C++11 features
configure:4324: g++  -c -g -O2  conftest.cpp >&5
conftest.cpp: In function 'int main(int, char**)':
conftest.cpp:177:25: warning: empty parentheses were disambiguated as a function declaration [-Wvexing-parse]
  177 |   cxx11test::delegate d2();
      |                         ^~
conftest.cpp:177:25: note: remove parentheses to default-initialize a variable
  177 |   cxx11test::delegate d2();
      |                         ^~
      |                         --
conftest.cpp:177:25: note: or replace parentheses with braces to value-initialize a variable
configure:4324: $? = 0
configure:4342: result: none needed
configure:4408: checking dependency style of g++
configure:4520: result: gcc3
configure:4550: checking whether g++ supports C++11 features with -std=c++11
configure:4849: g++ -std=c++11 -c -g -O2  conftest.cpp >&5
configure:4849: $? = 0
configure:4859: result: yes
configure:5073: checking for C++ compiler version
configure:5082: g++ -std=c++11 --version >&5
g++ (GCC) 11.1.0
Copyright (C) 2021 Free Software Foundation, Inc.
This is free software; see the source for copying conditions.  There is NO
warranty; not even for MERCHANTABILITY or FITNESS FOR A PARTICULAR PURPOSE.

configure:5093: $? = 0
configure:5082: g++ -std=c++11 -v >&5
Using built-in specs.
COLLECT_GCC=g++
COLLECT_LTO_WRAPPER=/usr/lib/gcc/x86_64-pc-linux-gnu/11.1.0/lto-wrapper
Target: x86_64-pc-linux-gnu
Configured with: /build/gcc/src/gcc/configure --prefix=/usr --libdir=/usr/lib --libexecdir=/usr/lib --mandir=/usr/share/man --infodir=/usr/share/info --with-bugurl=https://bugs.archlinux.org/ --enable-languages=c,c++,ada,fortran,go,lto,objc,obj-c++,d --with-isl --with-linker-hash-style=gnu --with-system-zlib --enable-__cxa_atexit --enable-cet=auto --enable-checking=release --enable-clocale=gnu --enable-default-pie --enable-default-ssp --enable-gnu-indirect-function --enable-gnu-unique-object --enable-install-libiberty --enable-linker-build-id --enable-lto --enable-multilib --enable-plugin --enable-shared --enable-threads=posix --disable-libssp --disable-libstdcxx-pch --disable-libunwind-exceptions --disable-werror gdc_include_dir=/usr/include/dlang/gdc
Thread model: posix
Supported LTO compression algorithms: zlib zstd
gcc version 11.1.0 (GCC) 
configure:5093: $? = 0
configure:5082: g++ -std=c++11 -V >&5
g++: error: unrecognized command-line option '-V'
g++: fatal error: no input files
compilation terminated.
configure:5093: $? = 1
configure:5082: g++ -std=c++11 -qversion >&5
g++: error: unrecognized command-line option '-qversion'; did you mean '--version'?
g++: fatal error: no input files
compilation terminated.
configure:5093: $? = 1
configure:5097: checking whether the compiler supports GNU C++
configure:5127: result: yes
configure:5138: checking whether g++ -std=c++11 accepts -g
configure:5203: result: yes
configure:5223: checking for g++ -std=c++11 option to enable C++11 features
configure:5256: result: none needed
configure:5322: checking dependency style of g++ -std=c++11
configure:5434: result: gcc3
configure:5511: checking for gcc
configure:5532: found /usr/bin/gcc
configure:5543: result: gcc
configure:5896: checking for C compiler version
configure:5905: gcc --version >&5
gcc (GCC) 11.1.0
Copyright (C) 2021 Free Software Foundation, Inc.
This is free software; see the source for copying conditions.  There is NO
warranty; not even for MERCHANTABILITY or FITNESS FOR A PARTICULAR PURPOSE.

configure:5916: $? = 0
configure:5905: gcc -v >&5
Using built-in specs.
COLLECT_GCC=gcc
COLLECT_LTO_WRAPPER=/usr/lib/gcc/x86_64-pc-linux-gnu/11.1.0/lto-wrapper
Target: x86_64-pc-linux-gnu
Configured with: /build/gcc/src/gcc/configure --prefix=/usr --libdir=/usr/lib --libexecdir=/usr/lib --mandir=/usr/share/man --infodir=/usr/share/info --with-bugurl=https://bugs.archlinux.org/ --enable-languages=c,c++,ada,fortran,go,lto,objc,obj-c++,d --with-isl --with-linker-hash-style=gnu --with-system-zlib --enable-__cxa_atexit --enable-cet=auto --enable-checking=release --enable-clocale=gnu --enable-default-pie --enable-default-ssp --enable-gnu-indirect-function --enable-gnu-unique-object --enable-install-libiberty --enable-linker-build-id --enable-lto --enable-multilib --enable-plugin --enable-shared --enable-threads=posix --disable-libssp --disable-libstdcxx-pch --disable-libunwind-exceptions --disable-werror gdc_include_dir=/usr/include/dlang/gdc
Thread model: posix
Supported LTO compression algorithms: zlib zstd
gcc version 11.1.0 (GCC) 
configure:5916: $? = 0
configure:5905: gcc -V >&5
gcc: error: unrecognized command-line option '-V'
gcc: fatal error: no input files
compilation terminated.
configure:5916: $? = 1
configure:5905: gcc -qversion >&5
gcc: error: unrecognized command-line option '-qversion'; did you mean '--version'?
gcc: fatal error: no input files
compilation terminated.
configure:5916: $? = 1
configure:5905: gcc -version >&5
gcc: error: unrecognized command-line option '-version'
gcc: fatal error: no input files
compilation terminated.
configure:5916: $? = 1
configure:5920: checking whether the compiler supports GNU C
configure:5940: gcc -c   conftest.c >&5
configure:5940: $? = 0
configure:5950: result: yes
configure:5961: checking whether gcc accepts -g
configure:5982: gcc -c -g  conftest.c >&5
configure:5982: $? = 0
configure:6026: result: yes
configure:6046: checking for gcc option to enable C11 features
configure:6061: gcc  -c -g -O2  conftest.c >&5
configure:6061: $? = 0
configure:6079: result: none needed
configure:6195: checking whether gcc understands -c and -o together
configure:6218: gcc -c conftest.c -o conftest2.o
configure:6221: $? = 0
configure:6218: gcc -c conftest.c -o conftest2.o
configure:6221: $? = 0
configure:6233: result: yes
configure:6252: checking dependency style of gcc
configure:6364: result: gcc3
configure:6435: checking for ar
configure:6456: found /usr/bin/ar
configure:6467: result: ar
configure:6493: checking the archiver (ar) interface
configure:6510: gcc -c -g -O2  conftest.c >&5
configure:6510: $? = 0
configure:6513: ar cru libconftest.a conftest.o >&5
ar: `u' modifier ignored since `D' is the default (see `U')
configure:6516: $? = 0
configure:6544: result: ar
configure:6566: checking for ar
configure:6589: found /usr/bin/ar
configure:6602: result: /usr/bin/ar
configure:6649: checking build system type
configure:6664: result: x86_64-pc-linux-gnu
configure:6684: checking host system type
configure:6698: result: x86_64-pc-linux-gnu
configure:6739: checking how to print strings
configure:6766: result: printf
configure:6787: checking for a sed that does not truncate output
configure:6857: result: /usr/bin/sed
configure:6875: checking for grep that handles long lines and -e
configure:6939: result: /usr/bin/grep
configure:6944: checking for egrep
configure:7012: result: /usr/bin/grep -E
configure:7017: checking for fgrep
configure:7085: result: /usr/bin/grep -F
configure:7121: checking for ld used by gcc
configure:7189: result: /usr/bin/ld
configure:7196: checking if the linker (/usr/bin/ld) is GNU ld
configure:7212: result: yes
configure:7224: checking for BSD- or MS-compatible name lister (nm)
configure:7279: result: /usr/bin/nm -B
configure:7419: checking the name lister (/usr/bin/nm -B) interface
configure:7427: gcc -c -g -O2  conftest.c >&5
configure:7430: /usr/bin/nm -B "conftest.o"
configure:7433: output
0000000000000000 B some_variable
configure:7440: result: BSD nm
configure:7443: checking whether ln -s works
configure:7447: result: yes
configure:7455: checking the maximum length of command line arguments
configure:7587: result: 1572864
configure:7635: checking how to convert x86_64-pc-linux-gnu file names to x86_64-pc-linux-gnu format
configure:7676: result: func_convert_file_noop
configure:7683: checking how to convert x86_64-pc-linux-gnu file names to toolchain format
configure:7704: result: func_convert_file_noop
configure:7711: checking for /usr/bin/ld option to reload object files
configure:7719: result: -r
configure:7798: checking for objdump
configure:7819: found /usr/bin/objdump
configure:7830: result: objdump
configure:7859: checking how to recognize dependent libraries
configure:8060: result: pass_all
configure:8150: checking for dlltool
configure:8185: result: no
configure:8212: checking how to associate runtime and link libraries
configure:8240: result: printf %s\n
configure:8390: checking for archiver @FILE support
configure:8408: gcc -c -g -O2  conftest.c >&5
configure:8408: $? = 0
configure:8412: /usr/bin/ar cr libconftest.a @conftest.lst >&5
configure:8415: $? = 0
configure:8420: /usr/bin/ar cr libconftest.a @conftest.lst >&5
/usr/bin/ar: conftest.o: No such file or directory
configure:8423: $? = 1
configure:8435: result: @
configure:8498: checking for strip
configure:8519: found /usr/bin/strip
configure:8530: result: strip
configure:8607: checking for ranlib
configure:8628: found /usr/bin/ranlib
configure:8639: result: ranlib
configure:8741: checking command to parse /usr/bin/nm -B output from gcc object
configure:8895: gcc -c -g -O2  conftest.c >&5
configure:8898: $? = 0
configure:8902: /usr/bin/nm -B conftest.o \| sed -n -e 's/^.*[ ]\([ABCDGIRSTW][ABCDGIRSTW]*\)[ ][ ]*\([_A-Za-z][_A-Za-z0-9]*\)$/\1 \2 \2/p' | sed '/ __gnu_lto/d' \> conftest.nm
configure:8905: $? = 0
configure:8971: gcc -o conftest -g -O2   conftest.c conftstm.o >&5
configure:8974: $? = 0
configure:9012: result: ok
configure:9059: checking for sysroot
configure:9090: result: no
configure:9097: checking for a working dd
configure:9141: result: /usr/bin/dd
configure:9145: checking how to truncate binary pipes
configure:9161: result: /usr/bin/dd bs=4096 count=1
configure:9298: gcc -c -g -O2  conftest.c >&5
configure:9301: $? = 0
configure:9498: checking for mt
configure:9533: result: no
configure:9553: checking if : is a manifest tool
configure:9560: : '-?'
configure:9568: result: no
configure:10298: checking for stdio.h
configure:10298: gcc -c -g -O2  conftest.c >&5
configure:10298: $? = 0
configure:10298: result: yes
configure:10298: checking for stdlib.h
configure:10298: gcc -c -g -O2  conftest.c >&5
configure:10298: $? = 0
configure:10298: result: yes
configure:10298: checking for string.h
configure:10298: gcc -c -g -O2  conftest.c >&5
configure:10298: $? = 0
configure:10298: result: yes
configure:10298: checking for inttypes.h
configure:10298: gcc -c -g -O2  conftest.c >&5
configure:10298: $? = 0
configure:10298: result: yes
configure:10298: checking for stdint.h
configure:10298: gcc -c -g -O2  conftest.c >&5
configure:10298: $? = 0
configure:10298: result: yes
configure:10298: checking for strings.h
configure:10298: gcc -c -g -O2  conftest.c >&5
configure:10298: $? = 0
configure:10298: result: yes
configure:10298: checking for sys/stat.h
configure:10298: gcc -c -g -O2  conftest.c >&5
configure:10298: $? = 0
configure:10298: result: yes
configure:10298: checking for sys/types.h
configure:10298: gcc -c -g -O2  conftest.c >&5
configure:10298: $? = 0
configure:10298: result: yes
configure:10298: checking for unistd.h
configure:10298: gcc -c -g -O2  conftest.c >&5
configure:10298: $? = 0
configure:10298: result: yes
configure:10323: checking for dlfcn.h
configure:10323: gcc -c -g -O2  conftest.c >&5
configure:10323: $? = 0
configure:10323: result: yes
configure:10920: checking for objdir
configure:10936: result: .libs
configure:11200: checking if gcc supports -fno-rtti -fno-exceptions
configure:11219: gcc -c -g -O2  -fno-rtti -fno-exceptions conftest.c >&5
cc1: warning: command-line option '-fno-rtti' is valid for C++/D/ObjC++ but not for C
configure:11223: $? = 0
configure:11236: result: no
configure:11594: checking for gcc option to produce PIC
configure:11602: result: -fPIC -DPIC
configure:11610: checking if gcc PIC flag -fPIC -DPIC works
configure:11629: gcc -c -g -O2  -fPIC -DPIC -DPIC conftest.c >&5
configure:11633: $? = 0
configure:11646: result: yes
configure:11675: checking if gcc static flag -static works
configure:11704: result: yes
configure:11719: checking if gcc supports -c -o file.o
configure:11741: gcc -c -g -O2  -o out/conftest2.o conftest.c >&5
configure:11745: $? = 0
configure:11767: result: yes
configure:11775: checking if gcc supports -c -o file.o
configure:11823: result: yes
configure:11856: checking whether the gcc linker (/usr/bin/ld -m elf_x86_64) supports shared libraries
configure:13124: result: yes
configure:13161: checking whether -lc should be explicitly linked in
configure:13170: gcc -c -g -O2  conftest.c >&5
configure:13173: $? = 0
configure:13188: gcc -shared  -fPIC -DPIC conftest.o  -v -Wl,-soname -Wl,conftest -o conftest 2\>\&1 \| /usr/bin/grep  -lc  \>/dev/null 2\>\&1
configure:13191: $? = 0
configure:13205: result: no
configure:13365: checking dynamic linker characteristics
configure:13947: gcc -o conftest -g -O2   -Wl,-rpath -Wl,/foo conftest.c  >&5
configure:13947: $? = 0
configure:14186: result: GNU/Linux ld.so
configure:14308: checking how to hardcode library paths into programs
configure:14333: result: immediate
configure:14885: checking whether stripping libraries is possible
configure:14894: result: yes
configure:14936: checking if libtool supports shared libraries
configure:14938: result: yes
configure:14941: checking whether to build shared libraries
configure:14966: result: yes
configure:14969: checking whether to build static libraries
configure:14973: result: yes
configure:14996: checking how to run the C++ preprocessor
configure:15018: g++ -std=c++11 -E  conftest.cpp
configure:15018: $? = 0
configure:15033: g++ -std=c++11 -E  conftest.cpp
conftest.cpp:24:10: fatal error: ac_nonexistent.h: No such file or directory
   24 | #include <ac_nonexistent.h>
      |          ^~~~~~~~~~~~~~~~~~
compilation terminated.
configure:15033: $? = 1
configure: failed program was:
| /* confdefs.h */
| #define PACKAGE_NAME "RtMidi"
| #define PACKAGE_TARNAME "rtmidi"
| #define PACKAGE_VERSION "5.0.0"
| #define PACKAGE_STRING "RtMidi 5.0.0"
| #define PACKAGE_BUGREPORT "gary.scavone@mcgill.ca"
| #define PACKAGE_URL ""
| #define PACKAGE "rtmidi"
| #define VERSION "5.0.0"
| #define HAVE_CXX11 1
| #define HAVE_STDIO_H 1
| #define HAVE_STDLIB_H 1
| #define HAVE_STRING_H 1
| #define HAVE_INTTYPES_H 1
| #define HAVE_STDINT_H 1
| #define HAVE_STRINGS_H 1
| #define HAVE_SYS_STAT_H 1
| #define HAVE_SYS_TYPES_H 1
| #define HAVE_UNISTD_H 1
| #define STDC_HEADERS 1
| #define HAVE_DLFCN_H 1
| #define LT_OBJDIR ".libs/"
| /* end confdefs.h.  */
| #include <ac_nonexistent.h>
configure:15060: result: g++ -std=c++11 -E
configure:15074: g++ -std=c++11 -E  conftest.cpp
configure:15074: $? = 0
configure:15089: g++ -std=c++11 -E  conftest.cpp
conftest.cpp:24:10: fatal error: ac_nonexistent.h: No such file or directory
   24 | #include <ac_nonexistent.h>
      |          ^~~~~~~~~~~~~~~~~~
compilation terminated.
configure:15089: $? = 1
configure: failed program was:
| /* confdefs.h */
| #define PACKAGE_NAME "RtMidi"
| #define PACKAGE_TARNAME "rtmidi"
| #define PACKAGE_VERSION "5.0.0"
| #define PACKAGE_STRING "RtMidi 5.0.0"
| #define PACKAGE_BUGREPORT "gary.scavone@mcgill.ca"
| #define PACKAGE_URL ""
| #define PACKAGE "rtmidi"
| #define VERSION "5.0.0"
| #define HAVE_CXX11 1
| #define HAVE_STDIO_H 1
| #define HAVE_STDLIB_H 1
| #define HAVE_STRING_H 1
| #define HAVE_INTTYPES_H 1
| #define HAVE_STDINT_H 1
| #define HAVE_STRINGS_H 1
| #define HAVE_SYS_STAT_H 1
| #define HAVE_SYS_TYPES_H 1
| #define HAVE_UNISTD_H 1
| #define STDC_HEADERS 1
| #define HAVE_DLFCN_H 1
| #define LT_OBJDIR ".libs/"
| /* end confdefs.h.  */
| #include <ac_nonexistent.h>
configure:15254: checking for ld used by g++ -std=c++11
configure:15322: result: /usr/bin/ld -m elf_x86_64
configure:15329: checking if the linker (/usr/bin/ld -m elf_x86_64) is GNU ld
configure:15345: result: yes
configure:15400: checking whether the g++ -std=c++11 linker (/usr/bin/ld -m elf_x86_64) supports shared libraries
configure:16478: result: yes
configure:16514: g++ -std=c++11 -c -g -O2  conftest.cpp >&5
configure:16517: $? = 0
configure:16998: checking for g++ -std=c++11 option to produce PIC
configure:17006: result: -fPIC -DPIC
configure:17014: checking if g++ -std=c++11 PIC flag -fPIC -DPIC works
configure:17033: g++ -std=c++11 -c -g -O2  -fPIC -DPIC -DPIC conftest.cpp >&5
configure:17037: $? = 0
configure:17050: result: yes
configure:17073: checking if g++ -std=c++11 static flag -static works
configure:17102: result: yes
configure:17114: checking if g++ -std=c++11 supports -c -o file.o
configure:17136: g++ -std=c++11 -c -g -O2  -o out/conftest2.o conftest.cpp >&5
configure:17140: $? = 0
configure:17162: result: yes
configure:17167: checking if g++ -std=c++11 supports -c -o file.o
configure:17215: result: yes
configure:17245: checking whether the g++ -std=c++11 linker (/usr/bin/ld -m elf_x86_64) supports shared libraries
configure:17285: result: yes
configure:17427: checking dynamic linker characteristics
configure:18175: result: GNU/Linux ld.so
configure:18240: checking how to hardcode library paths into programs
configure:18265: result: immediate
configure:18332: checking for egrep
configure:18400: result: /usr/bin/grep -E
configure:18409: checking for semaphore.h
configure:18409: gcc -c -g -O2  conftest.c >&5
configure:18409: $? = 0
configure:18409: result: yes
configure:18413: checking for sem_init in -lpthread
configure:18436: gcc -o conftest -g -O2   conftest.c -lpthread   >&5
configure:18436: $? = 0
configure:18446: result: yes
configure:18464: checking whether to compile debug version
configure:18485: result: no
configure:18518: checking for doxygen
configure:18539: found /usr/bin/doxygen
configure:18550: result: doxygen 
configure:18675: checking for jack_client_open in -ljack
configure:18698: gcc -o conftest -g -O2   conftest.c -ljack   >&5
configure:18698: $? = 0
configure:18708: result: yes
configure:18726: checking for jack_port_rename in -ljack
configure:18749: gcc -o conftest -g -O2   conftest.c -ljack  -ljack  >&5
configure:18749: $? = 0
configure:18759: result: yes
configure:18775: checking for snd_seq_open in -lasound
configure:18798: gcc -o conftest -g -O2   conftest.c -lasound  -ljack  >&5
configure:18798: $? = 0
configure:18808: result: yes
configure:18935: checking for pthread
configure:18937: checking for pthread_create in -lpthread
configure:18960: gcc -o conftest -g -O2   conftest.c -lpthread  -lasound -ljack  >&5
configure:18960: $? = 0
configure:18970: result: yes
configure:18984: checking for MIDI API
configure:18997: result:  Jack ALSA
configure:19141: checking that generated files are newer than configure
configure:19147: result: done
configure:19186: creating ./config.status

## ---------------------- ##
## Running config.status. ##
## ---------------------- ##

This file was extended by RtMidi config.status 5.0.0, which was
generated by GNU Autoconf 2.71.  Invocation command line was

  CONFIG_FILES    = 
  CONFIG_HEADERS  = 
  CONFIG_LINKS    = 
  CONFIG_COMMANDS = 
  $ ./config.status 

on arch-desktop

config.status:1094: creating rtmidi-config
config.status:1094: creating rtmidi.pc
config.status:1094: creating Makefile
config.status:1094: creating tests/Makefile
config.status:1094: creating doc/Makefile
config.status:1094: creating doc/doxygen/Doxyfile
config.status:1297: executing depfiles commands
config.status:1374: cd .       && sed -e '/# am--include-marker/d' Makefile         | make -f - am--depfiles
make: Nothing to be done for 'am--depfiles'.
config.status:1379: $? = 0
config.status:1374: cd tests       && sed -e '/# am--include-marker/d' Makefile         | make -f - am--depfiles
make: Nothing to be done for 'am--depfiles'.
config.status:1379: $? = 0
config.status:1297: executing libtool commands

## ---------------- ##
## Cache variables. ##
## ---------------- ##

ac_cv_build=x86_64-pc-linux-gnu
ac_cv_c_compiler_gnu=yes
ac_cv_cxx_compiler_gnu=yes
ac_cv_env_CCC_set=
ac_cv_env_CCC_value=
ac_cv_env_CC_set=
ac_cv_env_CC_value=
ac_cv_env_CFLAGS_set=
ac_cv_env_CFLAGS_value=
ac_cv_env_CPPFLAGS_set=
ac_cv_env_CPPFLAGS_value=
ac_cv_env_CXXCPP_set=
ac_cv_env_CXXCPP_value=
ac_cv_env_CXXFLAGS_set=
ac_cv_env_CXXFLAGS_value=
ac_cv_env_CXX_set=
ac_cv_env_CXX_value=
ac_cv_env_LDFLAGS_set=
ac_cv_env_LDFLAGS_value=
ac_cv_env_LIBS_set=
ac_cv_env_LIBS_value=
ac_cv_env_LT_SYS_LIBRARY_PATH_set=
ac_cv_env_LT_SYS_LIBRARY_PATH_value=
ac_cv_env_build_alias_set=
ac_cv_env_build_alias_value=
ac_cv_env_host_alias_set=
ac_cv_env_host_alias_value=
ac_cv_env_target_alias_set=
ac_cv_env_target_alias_value=
ac_cv_header_dlfcn_h=yes
ac_cv_header_inttypes_h=yes
ac_cv_header_semaphore_h=yes
ac_cv_header_stdint_h=yes
ac_cv_header_stdio_h=yes
ac_cv_header_stdlib_h=yes
ac_cv_header_string_h=yes
ac_cv_header_strings_h=yes
ac_cv_header_sys_stat_h=yes
ac_cv_header_sys_types_h=yes
ac_cv_header_unistd_h=yes
ac_cv_host=x86_64-pc-linux-gnu
ac_cv_lib_asound_snd_seq_open=yes
ac_cv_lib_jack_jack_client_open=yes
ac_cv_lib_jack_jack_port_rename=yes
ac_cv_lib_pthread_pthread_create=yes
ac_cv_lib_pthread_sem_init=yes
ac_cv_objext=o
ac_cv_path_AR=/usr/bin/ar
ac_cv_path_EGREP='/usr/bin/grep -E'
ac_cv_path_FGREP='/usr/bin/grep -F'
ac_cv_path_GREP=/usr/bin/grep
ac_cv_path_SED=/usr/bin/sed
ac_cv_path_install='/usr/bin/install -c'
ac_cv_path_lt_DD=/usr/bin/dd
ac_cv_path_mkdir=/usr/bin/mkdir
ac_cv_prog_AWK=gawk
ac_cv_prog_CXXCPP='g++ -std=c++11 -E'
ac_cv_prog_DOXYGEN='doxygen '
ac_cv_prog_ac_ct_AR=ar
ac_cv_prog_ac_ct_CC=gcc
ac_cv_prog_ac_ct_CXX=g++
ac_cv_prog_ac_ct_OBJDUMP=objdump
ac_cv_prog_ac_ct_RANLIB=ranlib
ac_cv_prog_ac_ct_STRIP=strip
ac_cv_prog_cc_c11=
ac_cv_prog_cc_g=yes
ac_cv_prog_cc_stdc=
ac_cv_prog_cxx_11=no
ac_cv_prog_cxx_cxx11=
ac_cv_prog_cxx_g=yes
ac_cv_prog_cxx_stdcxx=
ac_cv_prog_make_make_set=yes
am_cv_CC_dependencies_compiler_type=gcc3
am_cv_CXX_dependencies_compiler_type=gcc3
am_cv_ar_interface=ar
am_cv_make_support_nested_variables=yes
am_cv_prog_cc_c_o=yes
ax_cv_cxx_compile_cxx11__std_cpp11=yes
lt_cv_ar_at_file=@
lt_cv_archive_cmds_need_lc=no
lt_cv_deplibs_check_method=pass_all
lt_cv_file_magic_cmd='$MAGIC_CMD'
lt_cv_file_magic_test_file=
lt_cv_ld_reload_flag=-r
lt_cv_nm_interface='BSD nm'
lt_cv_objdir=.libs
lt_cv_path_LD=/usr/bin/ld
lt_cv_path_LDCXX='/usr/bin/ld -m elf_x86_64'
lt_cv_path_NM='/usr/bin/nm -B'
lt_cv_path_mainfest_tool=no
lt_cv_prog_compiler_c_o=yes
lt_cv_prog_compiler_c_o_CXX=yes
lt_cv_prog_compiler_pic='-fPIC -DPIC'
lt_cv_prog_compiler_pic_CXX='-fPIC -DPIC'
lt_cv_prog_compiler_pic_works=yes
lt_cv_prog_compiler_pic_works_CXX=yes
lt_cv_prog_compiler_rtti_exceptions=no
lt_cv_prog_compiler_static_works=yes
lt_cv_prog_compiler_static_works_CXX=yes
lt_cv_prog_gnu_ld=yes
lt_cv_prog_gnu_ldcxx=yes
lt_cv_sharedlib_from_linklib_cmd='printf %s\n'
lt_cv_shlibpath_overrides_runpath=no
lt_cv_sys_global_symbol_pipe='sed -n -e '\''s/^.*[	 ]\([ABCDGIRSTW][ABCDGIRSTW]*\)[	 ][	 ]*\([_A-Za-z][_A-Za-z0-9]*\)$/\1 \2 \2/p'\'' | sed '\''/ __gnu_lto/d'\'''
lt_cv_sys_global_symbol_to_c_name_address='sed -n -e '\''s/^: \(.*\) .*$/  {"\1", (void *) 0},/p'\'' -e '\''s/^[ABCDGIRSTW][ABCDGIRSTW]* .* \(.*\)$/  {"\1", (void *) \&\1},/p'\'''
lt_cv_sys_global_symbol_to_c_name_address_lib_prefix='sed -n -e '\''s/^: \(.*\) .*$/  {"\1", (void *) 0},/p'\'' -e '\''s/^[ABCDGIRSTW][ABCDGIRSTW]* .* \(lib.*\)$/  {"\1", (void *) \&\1},/p'\'' -e '\''s/^[ABCDGIRSTW][ABCDGIRSTW]* .* \(.*\)$/  {"lib\1", (void *) \&\1},/p'\'''
lt_cv_sys_global_symbol_to_cdecl='sed -n -e '\''s/^T .* \(.*\)$/extern int \1();/p'\'' -e '\''s/^[ABCDGIRSTW][ABCDGIRSTW]* .* \(.*\)$/extern char \1;/p'\'''
lt_cv_sys_global_symbol_to_import=
lt_cv_sys_max_cmd_len=1572864
lt_cv_to_host_file_cmd=func_convert_file_noop
lt_cv_to_tool_file_cmd=func_convert_file_noop
lt_cv_truncate_bin='/usr/bin/dd bs=4096 count=1'

## ----------------- ##
## Output variables. ##
## ----------------- ##

ACLOCAL='${SHELL} '\''/home/kumi/Projects/gdprojects/gdrtmidi/src/rtmidi-master/config/missing'\'' aclocal-1.16'
AMDEPBACKSLASH='\'
AMDEP_FALSE='#'
AMDEP_TRUE=''
AMTAR='$${TAR-tar}'
AM_BACKSLASH='\'
AM_DEFAULT_V='$(AM_DEFAULT_VERBOSITY)'
AM_DEFAULT_VERBOSITY='0'
AM_V='$(V)'
AR='/usr/bin/ar'
AS='as'
AUTOCONF='${SHELL} '\''/home/kumi/Projects/gdprojects/gdrtmidi/src/rtmidi-master/config/missing'\'' autoconf'
AUTOHEADER='${SHELL} '\''/home/kumi/Projects/gdprojects/gdrtmidi/src/rtmidi-master/config/missing'\'' autoheader'
AUTOMAKE='${SHELL} '\''/home/kumi/Projects/gdprojects/gdrtmidi/src/rtmidi-master/config/missing'\'' automake-1.16'
AWK='gawk'
CC='gcc'
CCDEPMODE='depmode=gcc3'
CFLAGS='-g -O2'
CPPFLAGS='  -D__UNIX_JACK__ -D__LINUX_ALSA__'
CSCOPE='cscope'
CTAGS='ctags'
CXX='g++ -std=c++11'
CXXCPP='g++ -std=c++11 -E'
CXXDEPMODE='depmode=gcc3'
CXXFLAGS='-Wall -Wextra -g -O2'
CYGPATH_W='echo'
DEFS='-DPACKAGE_NAME=\"RtMidi\" -DPACKAGE_TARNAME=\"rtmidi\" -DPACKAGE_VERSION=\"5.0.0\" -DPACKAGE_STRING=\"RtMidi\ 5.0.0\" -DPACKAGE_BUGREPORT=\"gary.scavone@mcgill.ca\" -DPACKAGE_URL=\"\" -DPACKAGE=\"rtmidi\" -DVERSION=\"5.0.0\" -DHAVE_CXX11=1 -DHAVE_STDIO_H=1 -DHAVE_STDLIB_H=1 -DHAVE_STRING_H=1 -DHAVE_INTTYPES_H=1 -DHAVE_STDINT_H=1 -DHAVE_STRINGS_H=1 -DHAVE_SYS_STAT_H=1 -DHAVE_SYS_TYPES_H=1 -DHAVE_UNISTD_H=1 -DSTDC_HEADERS=1 -DHAVE_DLFCN_H=1 -DLT_OBJDIR=\".libs/\" -DHAVE_SEMAPHORE=1 -DJACK_HAS_PORT_RENAME=1 -DHAVE_LIBPTHREAD=1'
DEPDIR='.deps'
DLLTOOL='false'
DOXYGEN='doxygen '
DSYMUTIL=''
DUMPBIN=''
ECHO_C=''
ECHO_N='-n'
ECHO_T=''
EGREP='/usr/bin/grep -E'
ETAGS='etags'
EXEEXT=''
FGREP='/usr/bin/grep -F'
GREP='/usr/bin/grep'
HAVE_CXX11='1'
INSTALL_DATA='${INSTALL} -m 644'
INSTALL_PROGRAM='${INSTALL}'
INSTALL_SCRIPT='${INSTALL}'
INSTALL_STRIP_PROGRAM='$(install_sh) -c -s'
LD='/usr/bin/ld -m elf_x86_64'
LDFLAGS=''
LIBOBJS=''
LIBS='-lpthread -lasound -ljack '
LIBTOOL='$(SHELL) $(top_builddir)/libtool'
LIPO=''
LN_S='ln -s'
LTLIBOBJS=''
LT_SYS_LIBRARY_PATH=''
MAINT='#'
MAINTAINER_MODE_FALSE=''
MAINTAINER_MODE_TRUE='#'
MAKEINFO='${SHELL} '\''/home/kumi/Projects/gdprojects/gdrtmidi/src/rtmidi-master/config/missing'\'' makeinfo'
MAKE_DOC_FALSE='#'
MAKE_DOC_TRUE=''
MANIFEST_TOOL=':'
MKDIR_P='/usr/bin/mkdir -p'
NM='/usr/bin/nm -B'
NMEDIT=''
OBJDUMP='objdump'
OBJEXT='o'
OTOOL64=''
OTOOL=''
PACKAGE='rtmidi'
PACKAGE_BUGREPORT='gary.scavone@mcgill.ca'
PACKAGE_NAME='RtMidi'
PACKAGE_STRING='RtMidi 5.0.0'
PACKAGE_TARNAME='rtmidi'
PACKAGE_URL=''
PACKAGE_VERSION='5.0.0'
PATH_SEPARATOR=':'
RANLIB='ranlib'
SED='/usr/bin/sed'
SET_MAKE=''
SHELL='/bin/sh'
SO_VERSION='6:0:0'
STRIP='strip'
VERSION='5.0.0'
ac_ct_AR='ar'
ac_ct_CC='gcc'
ac_ct_CXX='g++'
ac_ct_DUMPBIN=''
am__EXEEXT_FALSE=''
am__EXEEXT_TRUE='#'
am__fastdepCC_FALSE='#'
am__fastdepCC_TRUE=''
am__fastdepCXX_FALSE='#'
am__fastdepCXX_TRUE=''
am__include='include'
am__isrc=''
am__leading_dot='.'
am__nodep='_no'
am__quote=''
am__tar='$${TAR-tar} chof - "$$tardir"'
am__untar='$${TAR-tar} xf -'
api=' -D__UNIX_JACK__ -D__LINUX_ALSA__'
bindir='${exec_prefix}/bin'
build='x86_64-pc-linux-gnu'
build_alias=''
build_cpu='x86_64'
build_os='linux-gnu'
build_vendor='pc'
datadir='${datarootdir}'
datarootdir='${prefix}/share'
docdir='${datarootdir}/doc/${PACKAGE_TARNAME}'
dvidir='${docdir}'
exec_prefix='${prefix}'
host='x86_64-pc-linux-gnu'
host_alias=''
host_cpu='x86_64'
host_os='linux-gnu'
host_vendor='pc'
htmldir='${docdir}'
includedir='${prefix}/include'
infodir='${datarootdir}/info'
install_sh='${SHELL} /home/kumi/Projects/gdprojects/gdrtmidi/src/rtmidi-master/config/install-sh'
libdir='${exec_prefix}/lib'
libexecdir='${exec_prefix}/libexec'
localedir='${datarootdir}/locale'
localstatedir='${prefix}/var'
mandir='${datarootdir}/man'
mkdir_p='$(MKDIR_P)'
oldincludedir='/usr/include'
pdfdir='${docdir}'
prefix='/usr/local'
program_transform_name='s,x,x,'
psdir='${docdir}'
req=' jack alsa'
req_libs=''
runstatedir='${localstatedir}/run'
sbindir='${exec_prefix}/sbin'
sharedstatedir='${prefix}/com'
sysconfdir='${prefix}/etc'
target_alias=''

## ----------- ##
## confdefs.h. ##
## ----------- ##

/* confdefs.h */
#define PACKAGE_NAME "RtMidi"
#define PACKAGE_TARNAME "rtmidi"
#define PACKAGE_VERSION "5.0.0"
#define PACKAGE_STRING "RtMidi 5.0.0"
#define PACKAGE_BUGREPORT "gary.scavone@mcgill.ca"
#define PACKAGE_URL ""
#define PACKAGE "rtmidi"
#define VERSION "5.0.0"
#define HAVE_CXX11 1
#define HAVE_STDIO_H 1
#define HAVE_STDLIB_H 1
#define HAVE_STRING_H 1
#define HAVE_INTTYPES_H 1
#define HAVE_STDINT_H 1
#define HAVE_STRINGS_H 1
#define HAVE_SYS_STAT_H 1
#define HAVE_SYS_TYPES_H 1
#define HAVE_UNISTD_H 1
#define STDC_HEADERS 1
#define HAVE_DLFCN_H 1
#define LT_OBJDIR ".libs/"
#define HAVE_SEMAPHORE 1
#define JACK_HAS_PORT_RENAME 1
#define HAVE_LIBPTHREAD 1

configure: exit 0
